0 info it worked if it ends with ok
1 verbose cli [ '/usr/bin/node', '/usr/bin/npm', 'install', '-g', 'node-gyp' ]
2 info using npm@1.4.28
3 info using node@v0.10.39
4 verbose cache add [ 'node-gyp', null ]
5 verbose cache add name=undefined spec="node-gyp" args=["node-gyp",null]
6 verbose parsed url { protocol: null,
6 verbose parsed url   slashes: null,
6 verbose parsed url   auth: null,
6 verbose parsed url   host: null,
6 verbose parsed url   port: null,
6 verbose parsed url   hostname: null,
6 verbose parsed url   hash: null,
6 verbose parsed url   search: null,
6 verbose parsed url   query: null,
6 verbose parsed url   pathname: 'node-gyp',
6 verbose parsed url   path: 'node-gyp',
6 verbose parsed url   href: 'node-gyp' }
7 silly lockFile 54062583-node-gyp node-gyp
8 verbose lock node-gyp /home/burlin/.npm/54062583-node-gyp.lock
9 silly lockFile 54062583-node-gyp node-gyp
10 silly lockFile 54062583-node-gyp node-gyp
11 verbose addNamed [ 'node-gyp', '' ]
12 verbose addNamed [ null, '*' ]
13 silly lockFile c0cd6589-node-gyp node-gyp@
14 verbose lock node-gyp@ /home/burlin/.npm/c0cd6589-node-gyp.lock
15 silly addNameRange { name: 'node-gyp', range: '*', hasData: false }
16 verbose request where is /node-gyp
17 verbose request registry https://registry.npmjs.org/
18 verbose request id 30d89287e1683592
19 verbose url raw /node-gyp
20 verbose url resolving [ 'https://registry.npmjs.org/', './node-gyp' ]
21 verbose url resolved https://registry.npmjs.org/node-gyp
22 verbose request where is https://registry.npmjs.org/node-gyp
23 info trying registry request attempt 1 at 11:12:57
24 http GET https://registry.npmjs.org/node-gyp
25 http 200 https://registry.npmjs.org/node-gyp
26 silly registry.get cb [ 200,
26 silly registry.get   { server: 'CouchDB/1.5.0 (Erlang OTP/R16B03)',
26 silly registry.get     etag: '"98493B6JYM26MMVWLXZQD4V5D"',
26 silly registry.get     'content-type': 'application/json',
26 silly registry.get     'cache-control': 'max-age=60',
26 silly registry.get     'content-length': '114555',
26 silly registry.get     'accept-ranges': 'bytes',
26 silly registry.get     date: 'Sat, 27 Jun 2015 03:12:59 GMT',
26 silly registry.get     via: '1.1 varnish',
26 silly registry.get     age: '0',
26 silly registry.get     connection: 'keep-alive',
26 silly registry.get     'x-served-by': 'cache-hkg6824-HKG',
26 silly registry.get     'x-cache': 'MISS',
26 silly registry.get     'x-cache-hits': '0',
26 silly registry.get     'x-timer': 'S1435374778.701198,VS0,VE1038',
26 silly registry.get     vary: 'Accept' } ]
27 silly addNameRange number 2 { name: 'node-gyp', range: '*', hasData: true }
28 silly addNameRange versions [ 'node-gyp',
28 silly addNameRange   [ '0.0.1',
28 silly addNameRange     '0.0.2',
28 silly addNameRange     '0.0.3',
28 silly addNameRange     '0.0.4',
28 silly addNameRange     '0.0.5',
28 silly addNameRange     '0.0.6',
28 silly addNameRange     '0.1.0',
28 silly addNameRange     '0.1.1',
28 silly addNameRange     '0.1.2',
28 silly addNameRange     '0.1.3',
28 silly addNameRange     '0.1.4',
28 silly addNameRange     '0.2.0',
28 silly addNameRange     '0.2.1',
28 silly addNameRange     '0.2.2',
28 silly addNameRange     '0.3.0',
28 silly addNameRange     '0.3.1',
28 silly addNameRange     '0.3.2',
28 silly addNameRange     '0.3.4',
28 silly addNameRange     '0.3.5',
28 silly addNameRange     '0.3.6',
28 silly addNameRange     '0.3.7',
28 silly addNameRange     '0.3.8',
28 silly addNameRange     '0.3.9',
28 silly addNameRange     '0.3.10',
28 silly addNameRange     '0.3.11',
28 silly addNameRange     '0.4.0',
28 silly addNameRange     '0.4.1',
28 silly addNameRange     '0.4.2',
28 silly addNameRange     '0.4.3',
28 silly addNameRange     '0.4.4',
28 silly addNameRange     '0.4.5',
28 silly addNameRange     '0.5.0',
28 silly addNameRange     '0.5.1',
28 silly addNameRange     '0.5.2',
28 silly addNameRange     '0.5.3',
28 silly addNameRange     '0.5.4',
28 silly addNameRange     '0.5.5',
28 silly addNameRange     '0.5.6',
28 silly addNameRange     '0.5.7',
28 silly addNameRange     '0.5.8',
28 silly addNameRange     '0.6.0',
28 silly addNameRange     '0.6.1',
28 silly addNameRange     '0.6.2',
28 silly addNameRange     '0.6.3',
28 silly addNameRange     '0.6.4',
28 silly addNameRange     '0.6.5',
28 silly addNameRange     '0.6.6',
28 silly addNameRange     '0.6.7',
28 silly addNameRange     '0.6.8',
28 silly addNameRange     '0.6.9',
28 silly addNameRange     '0.6.10',
28 silly addNameRange     '0.6.11',
28 silly addNameRange     '0.7.0',
28 silly addNameRange     '0.7.1',
28 silly addNameRange     '0.7.2',
28 silly addNameRange     '0.7.3',
28 silly addNameRange     '0.8.0',
28 silly addNameRange     '0.8.1',
28 silly addNameRange     '0.8.2',
28 silly addNameRange     '0.8.3',
28 silly addNameRange     '0.8.4',
28 silly addNameRange     '0.8.5',
28 silly addNameRange     '0.9.0',
28 silly addNameRange     '0.9.1',
28 silly addNameRange     '0.9.2',
28 silly addNameRange     '0.9.3',
28 silly addNameRange     '0.9.4',
28 silly addNameRange     '0.9.5',
28 silly addNameRange     '0.9.6',
28 silly addNameRange     '0.10.0',
28 silly addNameRange     '0.10.1',
28 silly addNameRange     '0.10.2',
28 silly addNameRange     '0.10.3',
28 silly addNameRange     '0.10.4',
28 silly addNameRange     '0.10.5',
28 silly addNameRange     '0.10.6',
28 silly addNameRange     '0.10.7',
28 silly addNameRange     '0.10.8',
28 silly addNameRange     '0.10.9',
28 silly addNameRange     '0.10.10',
28 silly addNameRange     '0.11.0',
28 silly addNameRange     '0.12.0',
28 silly addNameRange     '0.12.1',
28 silly addNameRange     '0.12.2',
28 silly addNameRange     '0.13.0',
28 silly addNameRange     '0.13.1',
28 silly addNameRange     '1.0.0',
28 silly addNameRange     '1.0.1',
28 silly addNameRange     '1.0.2',
28 silly addNameRange     '1.0.3',
28 silly addNameRange     '2.0.0',
28 silly addNameRange     '2.0.1' ] ]
29 verbose addNamed [ 'node-gyp', '2.0.1' ]
30 verbose addNamed [ '2.0.1', '2.0.1' ]
31 silly lockFile ab1ff71c-node-gyp-2-0-1 node-gyp@2.0.1
32 verbose lock node-gyp@2.0.1 /home/burlin/.npm/ab1ff71c-node-gyp-2-0-1.lock
33 silly lockFile a369515b--org-node-gyp-node-gyp-2-0-1-tgz https://registry.npmjs.org/node-gyp/-/node-gyp-2.0.1.tgz
34 verbose lock https://registry.npmjs.org/node-gyp/-/node-gyp-2.0.1.tgz /home/burlin/.npm/a369515b--org-node-gyp-node-gyp-2-0-1-tgz.lock
35 verbose addRemoteTarball [ 'https://registry.npmjs.org/node-gyp/-/node-gyp-2.0.1.tgz',
35 verbose addRemoteTarball   '38e9c5b54df7115cd0953cee67863f839d0c7888' ]
36 info retry fetch attempt 1 at 11:13:00
37 verbose fetch to= /tmp/npm-8213-wGvkkk6e/registry.npmjs.org/node-gyp/-/node-gyp-2.0.1.tgz
38 http GET https://registry.npmjs.org/node-gyp/-/node-gyp-2.0.1.tgz
39 http 200 https://registry.npmjs.org/node-gyp/-/node-gyp-2.0.1.tgz
40 silly lockFile a369515b--org-node-gyp-node-gyp-2-0-1-tgz https://registry.npmjs.org/node-gyp/-/node-gyp-2.0.1.tgz
41 silly lockFile a369515b--org-node-gyp-node-gyp-2-0-1-tgz https://registry.npmjs.org/node-gyp/-/node-gyp-2.0.1.tgz
42 silly lockFile ab1ff71c-node-gyp-2-0-1 node-gyp@2.0.1
43 silly lockFile ab1ff71c-node-gyp-2-0-1 node-gyp@2.0.1
44 silly lockFile c0cd6589-node-gyp node-gyp@
45 silly lockFile c0cd6589-node-gyp node-gyp@
46 silly resolved [ { name: 'node-gyp',
46 silly resolved     description: 'Node.js native addon build tool',
46 silly resolved     license: 'MIT',
46 silly resolved     keywords: [ 'native', 'addon', 'module', 'c', 'c++', 'bindings', 'gyp' ],
46 silly resolved     version: '2.0.1',
46 silly resolved     installVersion: 9,
46 silly resolved     author:
46 silly resolved      { name: 'Nathan Rajlich',
46 silly resolved        email: 'nathan@tootallnate.net',
46 silly resolved        url: 'http://tootallnate.net' },
46 silly resolved     repository:
46 silly resolved      { type: 'git',
46 silly resolved        url: 'git://github.com/TooTallNate/node-gyp.git' },
46 silly resolved     preferGlobal: true,
46 silly resolved     bin: { 'node-gyp': './bin/node-gyp.js' },
46 silly resolved     main: './lib/node-gyp.js',
46 silly resolved     dependencies:
46 silly resolved      { fstream: '^1.0.0',
46 silly resolved        glob: '3 || 4',
46 silly resolved        'graceful-fs': '3',
46 silly resolved        minimatch: '1',
46 silly resolved        mkdirp: '^0.5.0',
46 silly resolved        nopt: '2 || 3',
46 silly resolved        npmlog: '0 || 1',
46 silly resolved        osenv: '0',
46 silly resolved        'path-array': '^1.0.0',
46 silly resolved        request: '2',
46 silly resolved        rimraf: '2',
46 silly resolved        semver: '2.x || 3.x || 4',
46 silly resolved        tar: '^1.0.0',
46 silly resolved        which: '1' },
46 silly resolved     engines: { node: '>= 0.8.0' },
46 silly resolved     gitHead: '0b9790ab6b885e2020e83936e402ac23c9e84726',
46 silly resolved     bugs: { url: 'https://github.com/TooTallNate/node-gyp/issues' },
46 silly resolved     homepage: 'https://github.com/TooTallNate/node-gyp#readme',
46 silly resolved     _id: 'node-gyp@2.0.1',
46 silly resolved     scripts: {},
46 silly resolved     _shasum: '38e9c5b54df7115cd0953cee67863f839d0c7888',
46 silly resolved     _from: 'node-gyp@',
46 silly resolved     _npmVersion: '2.9.1',
46 silly resolved     _nodeVersion: '0.12.3',
46 silly resolved     _npmUser: { name: 'tootallnate', email: 'nathan@tootallnate.net' },
46 silly resolved     maintainers: [ [Object], [Object], [Object] ],
46 silly resolved     dist:
46 silly resolved      { shasum: '38e9c5b54df7115cd0953cee67863f839d0c7888',
46 silly resolved        tarball: 'http://registry.npmjs.org/node-gyp/-/node-gyp-2.0.1.tgz' },
46 silly resolved     directories: {},
46 silly resolved     _resolved: 'https://registry.npmjs.org/node-gyp/-/node-gyp-2.0.1.tgz' } ]
47 info install node-gyp@2.0.1 into /usr/lib
48 info installOne node-gyp@2.0.1
49 verbose lib/node_modules/node-gyp unbuild
50 verbose tar unpack /home/burlin/.npm/node-gyp/2.0.1/package.tgz
51 silly lockFile 5d80ce56-ar-usr-lib-node-modules-node-gyp tar:///usr/lib/node_modules/node-gyp
52 verbose lock tar:///usr/lib/node_modules/node-gyp /home/burlin/.npm/5d80ce56-ar-usr-lib-node-modules-node-gyp.lock
53 silly lockFile 87b3bbce-n-npm-node-gyp-2-0-1-package-tgz tar:///home/burlin/.npm/node-gyp/2.0.1/package.tgz
54 verbose lock tar:///home/burlin/.npm/node-gyp/2.0.1/package.tgz /home/burlin/.npm/87b3bbce-n-npm-node-gyp-2-0-1-package-tgz.lock
55 silly gunzTarPerm modes [ '775', '664' ]
56 error Error: EACCES, mkdir '/usr/lib/node_modules/node-gyp'
56 error  { [Error: EACCES, mkdir '/usr/lib/node_modules/node-gyp']
56 error   errno: 3,
56 error   code: 'EACCES',
56 error   path: '/usr/lib/node_modules/node-gyp',
56 error   fstream_type: 'Directory',
56 error   fstream_path: '/usr/lib/node_modules/node-gyp',
56 error   fstream_class: 'DirWriter',
56 error   fstream_stack:
56 error    [ '/usr/lib/node_modules/npm/node_modules/fstream/lib/dir-writer.js:36:23',
56 error      '/usr/lib/node_modules/npm/node_modules/mkdirp/index.js:46:53',
56 error      'Object.oncomplete (fs.js:108:15)' ] }
57 error Please try running this command again as root/Administrator.
58 error System Linux 3.11.10-301.fc20.x86_64
59 error command "/usr/bin/node" "/usr/bin/npm" "install" "-g" "node-gyp"
60 error cwd /mnt/document/mars
61 error node -v v0.10.39
62 error npm -v 1.4.28
63 error path /usr/lib/node_modules/node-gyp
64 error fstream_path /usr/lib/node_modules/node-gyp
65 error fstream_type Directory
66 error fstream_class DirWriter
67 error code EACCES
68 error errno 3
69 error stack Error: EACCES, mkdir '/usr/lib/node_modules/node-gyp'
70 error fstream_stack /usr/lib/node_modules/npm/node_modules/fstream/lib/dir-writer.js:36:23
70 error fstream_stack /usr/lib/node_modules/npm/node_modules/mkdirp/index.js:46:53
70 error fstream_stack Object.oncomplete (fs.js:108:15)
71 verbose exit [ 3, true ]
